%!Adobe-FontList 1.17
%Locale:0x409

%BeginFont
Handler:DirectoryHandler
FontType:Type1
FontName:Bembo
FamilyName:Bembo
StyleName:Regular
MenuName:Bembo
StyleBits:0
WeightClass:400
WidthClass:5
AngleClass:0
FullName:Bembo
WritingScript:Roman
OutlineFileName:\Bembo
DataFormat:POSTResource
UsesStandardEncoding:yes
isCFF:no
FileLength:32448
FileModTime:1224374493
DesignSize:-1
%EndFont

%BeginFont
Handler:DirectoryHandler
FontType:Suitcase
FontName:Bembo
OutlineFileName:\Bembo.
ResourceID:1025
MacStyle:0
FileLength:12535
FileModTime:1341335890
%EndFont

%BeginFont
Handler:DirectoryHandler
FontType:Suitcase
FontName:Bembo-Italic
OutlineFileName:\Bembo_1
ResourceID:15031
MacStyle:0
FileLength:115328
FileModTime:858940124
%EndFont

%BeginFont
Handler:DirectoryHandler
FontType:Suitcase
FontName:Bembo-BoldItalic
OutlineFileName:\Bembo_1
ResourceID:15031
MacStyle:1
FileLength:115328
FileModTime:858940124
%EndFont

%BeginFont
Handler:DirectoryHandler
FontType:Suitcase
FontName:Bembo-BoldItalic
OutlineFileName:\Bembo_1
ResourceID:15029
MacStyle:0
FileLength:115328
FileModTime:858940124
%EndFont

%BeginFont
Handler:DirectoryHandler
FontType:Suitcase
FontName:Bembo-Bold
OutlineFileName:\Bembo_1
ResourceID:15030
MacStyle:0
FileLength:115328
FileModTime:858940124
%EndFont

%BeginFont
Handler:DirectoryHandler
FontType:Suitcase
FontName:Bembo-BoldItalic
OutlineFileName:\Bembo_1
ResourceID:15030
MacStyle:2
FileLength:115328
FileModTime:858940124
%EndFont

%BeginFont
Handler:DirectoryHandler
FontType:Suitcase
FontName:Bembo
OutlineFileName:\Bembo_1
ResourceID:15032
MacStyle:0
FileLength:115328
FileModTime:858940124
%EndFont

%BeginFont
Handler:DirectoryHandler
FontType:Suitcase
FontName:Bembo-Bold
OutlineFileName:\Bembo_1
ResourceID:15032
MacStyle:1
FileLength:115328
FileModTime:858940124
%EndFont

%BeginFont
Handler:DirectoryHandler
FontType:Suitcase
FontName:Bembo-Italic
OutlineFileName:\Bembo_1
ResourceID:15032
MacStyle:2
FileLength:115328
FileModTime:858940124
%EndFont

%BeginFont
Handler:DirectoryHandler
FontType:Suitcase
FontName:Bembo-BoldItalic
OutlineFileName:\Bembo_1
ResourceID:15032
MacStyle:3
FileLength:115328
FileModTime:858940124
%EndFont

%BeginFont
Handler:DirectoryHandler
FontType:Type1
FontName:Bembo-Bold
FamilyName:Bembo
StyleName:Bold
MenuName:Bembo
StyleBits:2
WeightClass:700
WidthClass:5
AngleClass:0
FullName:Bembo Bold
WritingScript:Roman
OutlineFileName:\BemboBol
DataFormat:POSTResource
UsesStandardEncoding:yes
isCFF:no
FileLength:35078
FileModTime:858940122
DesignSize:-1
%EndFont

%BeginFont
Handler:DirectoryHandler
FontType:TrueType
FontName:GillSans
FamilyName:Gill Sans
StyleName:Regular
MenuName:Gill Sans
StyleBits:0
WeightClass:400
WidthClass:5
AngleClass:0
FullName:Gill Sans
WritingScript:Roman
OutlineFileName:\GillSans.ttc
TTCOffset:60
DataFormat:sfntData
FileLength:1231988
FileModTime:1414407202
NameArray:0,Mac,4,Gill Sans
%EndFont

%BeginFont
Handler:DirectoryHandler
FontType:TrueType
FontName:GillSans-UltraBold
FamilyName:Gill Sans
StyleName:UltraBold
MenuName:Gill Sans
StyleBits:0
WeightClass:1000
WidthClass:5
AngleClass:0
FullName:Gill Sans UltraBold
WritingScript:Roman
OutlineFileName:\GillSans.ttc
TTCOffset:376
DataFormat:sfntData
FileLength:1231988
FileModTime:1414407202
NameArray:0,Mac,4,Gill Sans UltraBold
NameArray:0,Win,16,Gill Sans
%EndFont

%BeginFont
Handler:DirectoryHandler
FontType:TrueType
FontName:GillSans-SemiBoldItalic
FamilyName:Gill Sans
StyleName:SemiBold Italic
MenuName:Gill Sans
StyleBits:1
WeightClass:600
WidthClass:5
AngleClass:1
FullName:Gill Sans SemiBold Italic
FamilyNameNative:
StyleNameNative:SemiBold Italic
FullNameNative:
WritingScript:Cyrillic
OutlineFileName:\GillSans.ttc
TTCOffset:676
DataFormat:sfntData
FileLength:1231988
FileModTime:1414407202
NameArray:0,Mac,4,Gill Sans SemiBold Italic
NameArray:0,Win,1,Gill Sans
%EndFont

%BeginFont
Handler:DirectoryHandler
FontType:TrueType
FontName:GillSans-SemiBold
FamilyName:Gill Sans
StyleName:SemiBold
MenuName:Gill Sans
StyleBits:0
WeightClass:600
WidthClass:5
AngleClass:0
FullName:Gill Sans SemiBold
FamilyNameNative:
StyleNameNative:SemiBold
FullNameNative:
WritingScript:Cyrillic
OutlineFileName:\GillSans.ttc
TTCOffset:944
DataFormat:sfntData
FileLength:1231988
FileModTime:1414407202
NameArray:0,Mac,4,Gill Sans SemiBold
NameArray:0,Win,1,Gill Sans
%EndFont

%BeginFont
Handler:DirectoryHandler
FontType:TrueType
FontName:GillSans-LightItalic
FamilyName:Gill Sans
StyleName:Light Italic
MenuName:Gill Sans
StyleBits:1
WeightClass:300
WidthClass:5
AngleClass:1
FullName:Gill Sans Light Italic
WritingScript:Roman
OutlineFileName:\GillSans.ttc
TTCOffset:1212
DataFormat:sfntData
FileLength:1231988
FileModTime:1414407202
NameArray:0,Mac,4,Gill Sans Light Italic
%EndFont

%BeginFont
Handler:DirectoryHandler
FontType:TrueType
FontName:GillSans-Light
FamilyName:Gill Sans
StyleName:Light
MenuName:Gill Sans
StyleBits:0
WeightClass:300
WidthClass:5
AngleClass:0
FullName:Gill Sans Light
WritingScript:Roman
OutlineFileName:\GillSans.ttc
TTCOffset:1544
DataFormat:sfntData
FileLength:1231988
FileModTime:1414407202
NameArray:0,Mac,4,Gill Sans Light
%EndFont

%BeginFont
Handler:DirectoryHandler
FontType:TrueType
FontName:GillSans-Italic
FamilyName:Gill Sans
StyleName:Italic
MenuName:Gill Sans
StyleBits:1
WeightClass:400
WidthClass:5
AngleClass:1
FullName:Gill Sans Italic
WritingScript:Roman
OutlineFileName:\GillSans.ttc
TTCOffset:1860
DataFormat:sfntData
FileLength:1231988
FileModTime:1414407202
NameArray:0,Mac,4,Gill Sans Italic
%EndFont

%BeginFont
Handler:DirectoryHandler
FontType:TrueType
FontName:GillSans-BoldItalic
FamilyName:Gill Sans
StyleName:Bold Italic
MenuName:Gill Sans
StyleBits:3
WeightClass:700
WidthClass:5
AngleClass:1
FullName:Gill Sans Bold Italic
WritingScript:Roman
OutlineFileName:\GillSans.ttc
TTCOffset:2192
DataFormat:sfntData
FileLength:1231988
FileModTime:1414407202
NameArray:0,Mac,4,Gill Sans Bold Italic
%EndFont

%BeginFont
Handler:DirectoryHandler
FontType:TrueType
FontName:GillSans-Bold
FamilyName:Gill Sans
StyleName:Bold
MenuName:Gill Sans
StyleBits:2
WeightClass:700
WidthClass:5
AngleClass:0
FullName:Gill Sans Bold
WritingScript:Roman
OutlineFileName:\GillSans.ttc
TTCOffset:2524
DataFormat:sfntData
FileLength:1231988
FileModTime:1414407202
NameArray:0,Mac,4,Gill Sans Bold
%EndFont

